#
# There is insufficient memory for the Java Runtime Environment to continue.
# Native memory allocation (malloc) failed to allocate 774160 bytes for Chunk::new
# Possible reasons:
#   The system is out of physical RAM or swap space
#   In 32 bit mode, the process size limit was hit
# Possible solutions:
#   Reduce memory load on the system
#   Increase physical memory or swap space
#   Check if swap backing store is full
#   Use 64 bit Java on a 64 bit OS
#   Decrease Java heap size (-Xmx/-Xms)
#   Decrease number of Java threads
#   Decrease Java thread stack sizes (-Xss)
#   Set larger code cache with -XX:ReservedCodeCacheSize=
# This output file may be truncated or incomplete.
#
#  Out of Memory Error (allocation.cpp:390), pid=17432, tid=13860
#
# JRE version: Java(TM) SE Runtime Environment (8.0_77-b03) (build 1.8.0_77-b03)
# Java VM: Java HotSpot(TM) 64-Bit Server VM (25.77-b03 mixed mode windows-amd64 compressed oops)
# Failed to write core dump. Minidumps are not enabled by default on client versions of Windows
#

---------------  T H R E A D  ---------------

Current thread (0x000000001969a800):  JavaThread "C2 CompilerThread0" daemon [_thread_in_native, id=13860, stack(0x000000001ad20000,0x000000001ae20000)]

Stack: [0x000000001ad20000,0x000000001ae20000]
[error occurred during error reporting (printing stack bounds), id 0xc0000005]

Native frames: (J=compiled Java code, j=interpreted, Vv=VM code, C=native code)


Current CompileTask:
C2:    923  861       4       java.io.WinNTFileSystem::normalize (143 bytes)


---------------  P R O C E S S  ---------------

Java Threads: ( => current thread )
  0x000000001b048800 JavaThread "Service Thread" daemon [_thread_blocked, id=7112, stack(0x000000001b420000,0x000000001b520000)]
  0x000000001969d800 JavaThread "C1 CompilerThread2" daemon [_thread_blocked, id=15660, stack(0x000000001af20000,0x000000001b020000)]
  0x000000001969c800 JavaThread "C2 CompilerThread1" daemon [_thread_blocked, id=19328, stack(0x000000001ae20000,0x000000001af20000)]
=>0x000000001969a800 JavaThread "C2 CompilerThread0" daemon [_thread_in_native, id=13860, stack(0x000000001ad20000,0x000000001ae20000)]
  0x0000000019699800 JavaThread "Attach Listener" daemon [_thread_blocked, id=6516, stack(0x000000001ac20000,0x000000001ad20000)]
  0x0000000019698800 JavaThread "Signal Dispatcher" daemon [_thread_blocked, id=10784, stack(0x000000001ab20000,0x000000001ac20000)]
  0x0000000004a3d800 JavaThread "Finalizer" daemon [_thread_blocked, id=6492, stack(0x000000001a900000,0x000000001aa00000)]
  0x0000000004a32000 JavaThread "Reference Handler" daemon [_thread_blocked, id=12800, stack(0x000000001a800000,0x000000001a900000)]
  0x0000000004943000 JavaThread "main" [_thread_in_native, id=15344, stack(0x0000000003080000,0x0000000003180000)]

Other Threads:
  0x0000000019658000 VMThread [stack: 0x000000001a700000,0x000000001a800000] [id=16348]
  0x000000001b068000 WatcherThread [stack: 0x000000001b520000,0x000000001b620000] [id=22688]

VM state:not at safepoint (normal execution)

VM Mutex/Monitor currently owned by a thread:  ([mutex/lock_event])
[0x0000000004adc210] SymbolTable_lock - owner thread: 0x0000000000000000

Heap:
 PSYoungGen      total 38400K, used 24816K [0x00000000d5980000, 0x00000000d8400000, 0x0000000100000000)
  eden space 33280K, 59% used [0x00000000d5980000,0x00000000d6cc0250,0x00000000d7a00000)
  from space 5120K, 99% used [0x00000000d7a00000,0x00000000d7efbec0,0x00000000d7f00000)
  to   space 5120K, 0% used [0x00000000d7f00000,0x00000000d7f00000,0x00000000d8400000)
 ParOldGen       total 87552K, used 243K [0x0000000080c00000, 0x0000000086180000, 0x00000000d5980000)
  object space 87552K, 0% used [0x0000000080c00000,0x0000000080c3cfd0,0x0000000086180000)
 Metaspace       used 10205K, capacity 10440K, committed 10752K, reserved 1058816K
  class space    used 1354K, capacity 1456K, committed 1536K, reserved 1048576K

Card table byte_map: [0x0000000013ea0000,0x00000000142a0000] byte_map_base: 0x0000000013a9a000

Marking Bits: (ParMarkBitMap*) 0x00000000758f0600
 Begin Bits: [0x0000000014950000, 0x0000000016920000)
 End Bits:   [0x0000000016920000, 0x00000000188f0000)

Polling page: 0x0000000002f40000

CodeCache: size=245760Kb used=3424Kb max_used=3425Kb free=242336Kb
 bounds [0x0000000004ae0000, 0x0000000004e40000, 0x0000000013ae0000]
 total_blobs=1255 nmethods=924 adapters=244
 compilation: enabled

Compilation events (10 events):
Event: 0.896 Thread 0x000000001969c800  913       4       java.util.ArrayList$Itr::next (66 bytes)
Event: 0.896 Thread 0x000000001969c800 nmethod 913 0x0000000004e2a850 code [0x0000000004e2a9a0, 0x0000000004e2aab8]
Event: 0.897 Thread 0x000000001969c800  886       4       java.lang.String::endsWith (17 bytes)
Event: 0.898 Thread 0x000000001969c800 nmethod 886 0x0000000004e2a4d0 code [0x0000000004e2a620, 0x0000000004e2a738]
Event: 0.898 Thread 0x000000001969c800  912       4       java.util.concurrent.ConcurrentHashMap::casTabAt (20 bytes)
Event: 0.898 Thread 0x000000001969c800 nmethod 912 0x0000000004e2a2d0 code [0x0000000004e2a400, 0x0000000004e2a478]
Event: 0.901 Thread 0x000000001969d800  916       3       org.gradle.internal.service.DefaultServiceRegistry::access$900 (5 bytes)
Event: 0.902 Thread 0x000000001969d800 nmethod 916 0x0000000004e2d590 code [0x0000000004e2d700, 0x0000000004e2d868]
Event: 0.902 Thread 0x000000001969d800  917       1       sun.reflect.generics.reflectiveObjects.ParameterizedTypeImpl::getRawType (5 bytes)
Event: 0.902 Thread 0x000000001969d800 nmethod 917 0x0000000004e2d2d0 code [0x0000000004e2d420, 0x0000000004e2d530]

GC Heap History (2 events):
Event: 0.728 GC heap before
{Heap before GC invocations=1 (full 0):
 PSYoungGen      total 38400K, used 33280K [0x00000000d5980000, 0x00000000d8400000, 0x0000000100000000)
  eden space 33280K, 100% used [0x00000000d5980000,0x00000000d7a00000,0x00000000d7a00000)
  from space 5120K, 0% used [0x00000000d7f00000,0x00000000d7f00000,0x00000000d8400000)
  to   space 5120K, 0% used [0x00000000d7a00000,0x00000000d7a00000,0x00000000d7f00000)
 ParOldGen       total 87552K, used 0K [0x0000000080c00000, 0x0000000086180000, 0x00000000d5980000)
  object space 87552K, 0% used [0x0000000080c00000,0x0000000080c00000,0x0000000086180000)
 Metaspace       used 9057K, capacity 9264K, committed 9472K, reserved 1056768K
  class space    used 1182K, capacity 1256K, committed 1280K, reserved 1048576K
Event: 0.732 GC heap after
Heap after GC invocations=1 (full 0):
 PSYoungGen      total 38400K, used 5103K [0x00000000d5980000, 0x00000000d8400000, 0x0000000100000000)
  eden space 33280K, 0% used [0x00000000d5980000,0x00000000d5980000,0x00000000d7a00000)
  from space 5120K, 99% used [0x00000000d7a00000,0x00000000d7efbec0,0x00000000d7f00000)
  to   space 5120K, 0% used [0x00000000d7f00000,0x00000000d7f00000,0x00000000d8400000)
 ParOldGen       total 87552K, used 243K [0x0000000080c00000, 0x0000000086180000, 0x00000000d5980000)
  object space 87552K, 0% used [0x0000000080c00000,0x0000000080c3cfd0,0x0000000086180000)
 Metaspace       used 9057K, capacity 9264K, committed 9472K, reserved 1056768K
  class space    used 1182K, capacity 1256K, committed 1280K, reserved 1048576K
}

Deoptimization events (1 events):
Event: 0.378 Thread 0x0000000004943000 Uncommon trap: reason=unstable_if action=reinterpret pc=0x0000000004cc7b88 method=java.lang.String.indexOf([CII[CIII)I @ 134

Internal exceptions (10 events):
Event: 0.618 Thread 0x0000000004943000 Exception <a 'java/lang/ArrayIndexOutOfBoundsException'> (0x00000000d6f11a48) thrown at [D:\re\workspace\8-2-build-windows-amd64-cygwin\jdk8u77\6540\hotspot\src\share\vm\runtime\sharedRuntime.cpp, line 605]
Event: 0.775 Thread 0x0000000004943000 Exception <a 'java/security/PrivilegedActionException'> (0x00000000d5f50408) thrown at [D:\re\workspace\8-2-build-windows-amd64-cygwin\jdk8u77\6540\hotspot\src\share\vm\prims\jvm.cpp, line 1386]
Event: 0.775 Thread 0x0000000004943000 Exception <a 'java/security/PrivilegedActionException'> (0x00000000d5f50800) thrown at [D:\re\workspace\8-2-build-windows-amd64-cygwin\jdk8u77\6540\hotspot\src\share\vm\prims\jvm.cpp, line 1386]
Event: 0.831 Thread 0x0000000004943000 Exception <a 'java/lang/ArrayIndexOutOfBoundsException'> (0x00000000d6440bc0) thrown at [D:\re\workspace\8-2-build-windows-amd64-cygwin\jdk8u77\6540\hotspot\src\share\vm\runtime\sharedRuntime.cpp, line 605]
Event: 0.836 Thread 0x0000000004943000 Exception <a 'java/lang/ArrayIndexOutOfBoundsException'> (0x00000000d65096c8) thrown at [D:\re\workspace\8-2-build-windows-amd64-cygwin\jdk8u77\6540\hotspot\src\share\vm\runtime\sharedRuntime.cpp, line 605]
Event: 0.836 Thread 0x0000000004943000 Exception <a 'java/lang/ArrayIndexOutOfBoundsException'> (0x00000000d6514eb8) thrown at [D:\re\workspace\8-2-build-windows-amd64-cygwin\jdk8u77\6540\hotspot\src\share\vm\runtime\sharedRuntime.cpp, line 605]
Event: 0.839 Thread 0x0000000004943000 Exception <a 'java/lang/ArrayIndexOutOfBoundsException'> (0x00000000d65aa330) thrown at [D:\re\workspace\8-2-build-windows-amd64-cygwin\jdk8u77\6540\hotspot\src\share\vm\runtime\sharedRuntime.cpp, line 605]
Event: 0.880 Thread 0x0000000004943000 Exception <a 'java/lang/ArrayIndexOutOfBoundsException'> (0x00000000d69a23f8) thrown at [D:\re\workspace\8-2-build-windows-amd64-cygwin\jdk8u77\6540\hotspot\src\share\vm\runtime\sharedRuntime.cpp, line 605]
Event: 0.880 Thread 0x0000000004943000 Exception <a 'java/lang/ArrayIndexOutOfBoundsException'> (0x00000000d69a3240) thrown at [D:\re\workspace\8-2-build-windows-amd64-cygwin\jdk8u77\6540\hotspot\src\share\vm\runtime\sharedRuntime.cpp, line 605]
Event: 0.888 Thread 0x0000000004943000 Exception <a 'java/lang/NoClassDefFoundError': org/slf4j/impl/StaticMarkerBinder> (0x00000000d6a18380) thrown at [D:\re\workspace\8-2-build-windows-amd64-cygwin\jdk8u77\6540\hotspot\src\share\vm\classfile\systemDictionary.cpp, line 199]

Events (10 events):
Event: 0.912 loading class com/google/common/cache/LocalCache$Strength
Event: 0.912 loading class com/google/common/cache/LocalCache$Strength done
Event: 0.912 loading class com/google/common/cache/LocalCache$Strength$1
Event: 0.912 loading class com/google/common/cache/LocalCache$Strength$1 done
Event: 0.912 loading class com/google/common/cache/LocalCache$Strength$2
Event: 0.912 loading class com/google/common/cache/LocalCache$Strength$2 done
Event: 0.912 loading class com/google/common/cache/LocalCache$Strength$3
Event: 0.912 loading class com/google/common/cache/LocalCache$Strength$3 done
Event: 0.912 loading class com/google/common/cache/LocalCache$StrongValueReference
Event: 0.912 loading class com/google/common/cache/LocalCache$StrongValueReference done


Dynamic libraries:
0x00007ff60d070000 - 0x00007ff60d0a7000 	E:\NVPACK\jdk1.8.0_77\bin\java.exe
0x00007ffa23900000 - 0x00007ffa23ae0000 	C:\WINDOWS\SYSTEM32\ntdll.dll
0x00007ffa0fac0000 - 0x00007ffa0faf3000 	C:\Program Files\AVAST Software\Avast\x64\aswhooka.dll
0x00007ffa218e0000 - 0x00007ffa2198e000 	C:\WINDOWS\System32\KERNEL32.DLL
0x00007ffa1fff0000 - 0x00007ffa20256000 	C:\WINDOWS\System32\KERNELBASE.dll
0x00007ffa21610000 - 0x00007ffa216b1000 	C:\WINDOWS\System32\ADVAPI32.dll
0x00007ffa21220000 - 0x00007ffa212bd000 	C:\WINDOWS\System32\msvcrt.dll
0x00007ffa21990000 - 0x00007ffa219eb000 	C:\WINDOWS\System32\sechost.dll
0x00007ffa231b0000 - 0x00007ffa232cf000 	C:\WINDOWS\System32\RPCRT4.dll
0x00007ffa219f0000 - 0x00007ffa21b7e000 	C:\WINDOWS\System32\USER32.dll
0x00007ffa1fd00000 - 0x00007ffa1fd20000 	C:\WINDOWS\System32\win32u.dll
0x00007ffa21cd0000 - 0x00007ffa21cf8000 	C:\WINDOWS\System32\GDI32.dll
0x00007ffa20b80000 - 0x00007ffa20d11000 	C:\WINDOWS\System32\gdi32full.dll
0x00007ffa1ff50000 - 0x00007ffa1ffeb000 	C:\WINDOWS\System32\msvcp_win.dll
0x00007ffa1fe50000 - 0x00007ffa1ff46000 	C:\WINDOWS\System32\ucrtbase.dll
0x00007ffa16ad0000 - 0x00007ffa16d39000 	C:\WINDOWS\WinSxS\amd64_microsoft.windows.common-controls_6595b64144ccf1df_6.0.16299.15_none_cc92fb402215d91d\COMCTL32.dll
0x00007ffa23490000 - 0x00007ffa23798000 	C:\WINDOWS\System32\combase.dll
0x00007ffa1fd20000 - 0x00007ffa1fd92000 	C:\WINDOWS\System32\bcryptPrimitives.dll
0x00007ffa23340000 - 0x00007ffa2336d000 	C:\WINDOWS\System32\IMM32.DLL
0x0000000075970000 - 0x0000000075a42000 	E:\NVPACK\jdk1.8.0_77\jre\bin\msvcr100.dll
0x00000000750e0000 - 0x0000000075970000 	E:\NVPACK\jdk1.8.0_77\jre\bin\server\jvm.dll
0x00007ffa23480000 - 0x00007ffa23488000 	C:\WINDOWS\System32\PSAPI.DLL
0x00007ffa1d010000 - 0x00007ffa1d019000 	C:\WINDOWS\SYSTEM32\WSOCK32.dll
0x00007ffa232d0000 - 0x00007ffa2333c000 	C:\WINDOWS\System32\WS2_32.dll
0x00007ffa16840000 - 0x00007ffa16863000 	C:\WINDOWS\SYSTEM32\WINMM.dll
0x00007ffa1adb0000 - 0x00007ffa1adba000 	C:\WINDOWS\SYSTEM32\VERSION.dll
0x00007ffa16800000 - 0x00007ffa1682a000 	C:\WINDOWS\SYSTEM32\WINMMBASE.dll
0x00007ffa1fda0000 - 0x00007ffa1fdea000 	C:\WINDOWS\System32\cfgmgr32.dll
0x00000000750d0000 - 0x00000000750df000 	E:\NVPACK\jdk1.8.0_77\jre\bin\verify.dll
0x00000000750a0000 - 0x00000000750c9000 	E:\NVPACK\jdk1.8.0_77\jre\bin\java.dll
0x0000000075080000 - 0x0000000075096000 	E:\NVPACK\jdk1.8.0_77\jre\bin\zip.dll
0x00007ffa21d10000 - 0x00007ffa23147000 	C:\WINDOWS\System32\SHELL32.dll
0x00007ffa23820000 - 0x00007ffa238c6000 	C:\WINDOWS\System32\shcore.dll
0x00007ffa20430000 - 0x00007ffa20b77000 	C:\WINDOWS\System32\windows.storage.dll
0x00007ffa21880000 - 0x00007ffa218d1000 	C:\WINDOWS\System32\shlwapi.dll
0x00007ffa1fce0000 - 0x00007ffa1fcf1000 	C:\WINDOWS\System32\kernel.appcore.dll
0x00007ffa1fc90000 - 0x00007ffa1fcdc000 	C:\WINDOWS\System32\powrprof.dll
0x00007ffa1fc70000 - 0x00007ffa1fc8b000 	C:\WINDOWS\System32\profapi.dll
0x0000000075060000 - 0x000000007507a000 	E:\NVPACK\jdk1.8.0_77\jre\bin\net.dll
0x00007ffa1f4e0000 - 0x00007ffa1f546000 	C:\WINDOWS\system32\mswsock.dll
0x0000000075040000 - 0x0000000075051000 	E:\NVPACK\jdk1.8.0_77\jre\bin\nio.dll
0x00007ffa1bf10000 - 0x00007ffa1bf2e000 	C:\Users\pc-buro\.gradle\native\25\windows-amd64\native-platform.dll
0x00007ffa1f6a0000 - 0x00007ffa1f6b7000 	C:\WINDOWS\SYSTEM32\CRYPTSP.dll
0x00007ffa1f090000 - 0x00007ffa1f0c3000 	C:\WINDOWS\system32\rsaenh.dll
0x00007ffa1f7b0000 - 0x00007ffa1f7d5000 	C:\WINDOWS\SYSTEM32\bcrypt.dll
0x00007ffa1fb80000 - 0x00007ffa1fba9000 	C:\WINDOWS\SYSTEM32\USERENV.dll
0x00007ffa1f6c0000 - 0x00007ffa1f6cb000 	C:\WINDOWS\SYSTEM32\CRYPTBASE.dll
0x00007ffa1f270000 - 0x00007ffa1f2a9000 	C:\WINDOWS\SYSTEM32\IPHLPAPI.DLL
0x00007ffa21430000 - 0x00007ffa21438000 	C:\WINDOWS\System32\NSI.dll
0x00007ffa16960000 - 0x00007ffa16976000 	C:\WINDOWS\SYSTEM32\dhcpcsvc6.DLL
0x00007ffa16940000 - 0x00007ffa1695a000 	C:\WINDOWS\SYSTEM32\dhcpcsvc.DLL
0x0000000075030000 - 0x000000007503d000 	E:\NVPACK\jdk1.8.0_77\jre\bin\management.dll

VM Arguments:
java_command: org.gradle.launcher.GradleMain -Dorg.gradle.jvmargs=-Xmx2048m --stop
java_class_path (initial): E:\Unity\Editor\Data\PlaybackEngines\AndroidPlayer\Tools\gradle\lib\gradle-launcher-4.0.1.jar
Launcher Type: SUN_STANDARD

Environment Variables:
JAVA_HOME=E:\NVPACK\jdk1.8.0_77
PATH=C:\Windows\system32;C:\Windows;C:\Windows\System32\Wbem;C:\Windows\System32\WindowsPowerShell\v1.0\;C:\Program Files (x86)\MiKTeX 2.9\miktex\bin\;C:\Program Files (x86)\LANL\MCNP5\bin;c:\program Files (x86)\LANL\MCNPX\bin;C:\WINDOWS\system32;C:\WINDOWS;C:\WINDOWS\System32\Wbem;C:\WINDOWS\System32\WindowsPowerShell\v1.0\;C:\Program Files (x86)\Microsoft SQL Server\100\Tools\Binn\;C:\Program Files\Microsoft SQL Server\100\Tools\Binn\;C:\Program Files\Microsoft SQL Server\100\DTS\Binn\;C:\Program Files (x86)\Windows Live\Shared;C:\Program Files (x86)\GtkSharp\2.12\bin;E:\NVPACK\gradle-2.9\bin;E:\NVPACK\apache-ant-1.8.2\bin;E:\NVPACK\jdk1.8.0_77\bin;E:\NVPACK\android-ndk-r12b;E:\NVPACK\android-sdk-windows\extras\android\support;E:\NVPACK\android-sdk-windows\build-tools;E:\NVPACK\android-sdk-windows\platform-tools;E:\NVPACK\android-sdk-windows\tools;C:\Users\pc-buro\AppData\Local\Microsoft\WindowsApps;C:\Users\pc-buro\AppData\Local\GitHubDesktop\bin;%USERPROFILE%\AppData\Local\Microsoft\WindowsApps;
USERNAME=pc-buro
DISPLAY=localhost:0
OS=Windows_NT
PROCESSOR_IDENTIFIER=Intel64 Family 6 Model 58 Stepping 9, GenuineIntel



---------------  S Y S T E M  ---------------

OS: Windows 10.0 , 64 bit Build 16299 (10.0.16299.15)

CPU:total 4 (4 cores per cpu, 1 threads per core) family 6 model 58 stepping 9, cmov, cx8, fxsr, mmx, sse, sse2, sse3, ssse3, sse4.1, sse4.2, popcnt, avx, aes, clmul, erms, tsc, tscinvbit, tscinv

Memory: 4k page, physical 8335808k(1043512k free), swap 11350280k(3332k free)

vm_info: Java HotSpot(TM) 64-Bit Server VM (25.77-b03) for windows-amd64 JRE (1.8.0_77-b03), built on Mar 20 2016 22:01:33 by "java_re" with MS VC++ 10.0 (VS2010)

time: Thu Feb 01 21:41:51 2018
elapsed time: 0 seconds (0d 0h 0m 0s)

